INFO     lingkuan_730.commons.variable_manager:variable_manager.py:39 [2025-07-30 19:38] 成功加载静态变量: VAR\test_data.json
INFO     lingkuan_730.commons.variable_manager:variable_manager.py:55 [2025-07-30 19:38] 成功加载运行时变量: VAR\runtime_vars.json
INFO     requests.session:session.py:56 [2025-07-30 19:38] 初始化环境会话: test | Base URL: http://39.99.136.49:9000
INFO     requests.session:session.py:61 [2025-07-30 19:38] 切换到Base URL: http://39.99.136.49:9000
INFO     lingkuan_730.conftest:conftest.py:59 [2025-07-30 19:38] 用例 test_vps/test_create_scene.py::TestCreate_Scene::test_import_addSlave 使用默认URL进行登录: http://39.99.136.49:9000
INFO     requests.session:session.py:99 [2025-07-30 19:38] 构建相对URL: http://39.99.136.49:9000 + /sys/auth/login -> http://39.99.136.49:9000/sys/auth/login
INFO     requests.session:session.py:112 [2025-07-30 19:46:49.944] POST 请求开始: http://39.99.136.49:9000/sys/auth/login
INFO     requests.session:session.py:113 [2025-07-30 19:46:49.944] 请求参数: args=(), kwargs_keys=['data', 'json']
INFO     requests.session:session.py:121 [2025-07-30 19:46:49.944] JSON请求体: {'username': 'admin', 'password': '04739db02172e04f63f5278211184deec745bad9d797882b343e7201898d8da1d9fced282f6b271d3815a5057482e62c6f6b88dacb642ba05632bd2ee348101c76cb1f86b70f91695fd1cff11fce76246f044ace477cdbfa1e3e1521b19b023b14c7165e82c5'}
ERROR    requests.session:session.py:157 [2025-07-30 19:46:49.944] 网络连接异常（可能包含DNS解析失败）: HTTPConnectionPool(host='39.99.136.49', port=9000): Max retries exceeded with url: /sys/auth/login (Caused by NewConnectionError('<urllib3.connection.HTTPConnection object at 0x000002518DD3F070>: Failed to establish a new connection: [WinError 10061] 由于目标计算机积极拒绝，无法连接。')) | URL: http://39.99.136.49:9000/sys/auth/login
Traceback (most recent call last):
  File "D:\pycharm_test\venv\lib\site-packages\urllib3\connection.py", line 199, in _new_conn
    sock = connection.create_connection(
  File "D:\pycharm_test\venv\lib\site-packages\urllib3\util\connection.py", line 85, in create_connection
    raise err
  File "D:\pycharm_test\venv\lib\site-packages\urllib3\util\connection.py", line 73, in create_connection
    sock.connect(sa)
ConnectionRefusedError: [WinError 10061] 由于目标计算机积极拒绝，无法连接。

The above exception was the direct cause of the following exception:

Traceback (most recent call last):
  File "D:\pycharm_test\venv\lib\site-packages\urllib3\connectionpool.py", line 789, in urlopen
    response = self._make_request(
  File "D:\pycharm_test\venv\lib\site-packages\urllib3\connectionpool.py", line 495, in _make_request
    conn.request(
  File "D:\pycharm_test\venv\lib\site-packages\urllib3\connection.py", line 441, in request
    self.endheaders()
  File "D:\python_tools\python\lib\http\client.py", line 1250, in endheaders
    self._send_output(message_body, encode_chunked=encode_chunked)
  File "D:\python_tools\python\lib\http\client.py", line 1010, in _send_output
    self.send(msg)
  File "D:\python_tools\python\lib\http\client.py", line 950, in send
    self.connect()
  File "D:\pycharm_test\venv\lib\site-packages\urllib3\connection.py", line 279, in connect
    self.sock = self._new_conn()
  File "D:\pycharm_test\venv\lib\site-packages\urllib3\connection.py", line 214, in _new_conn
    raise NewConnectionError(
urllib3.exceptions.NewConnectionError: <urllib3.connection.HTTPConnection object at 0x000002518DD3F070>: Failed to establish a new connection: [WinError 10061] 由于目标计算机积极拒绝，无法连接。

The above exception was the direct cause of the following exception:

Traceback (most recent call last):
  File "D:\pycharm_test\venv\lib\site-packages\requests\adapters.py", line 667, in send
    resp = conn.urlopen(
  File "D:\pycharm_test\venv\lib\site-packages\urllib3\connectionpool.py", line 843, in urlopen
    retries = retries.increment(
  File "D:\pycharm_test\venv\lib\site-packages\urllib3\util\retry.py", line 519, in increment
    raise MaxRetryError(_pool, url, reason) from reason  # type: ignore[arg-type]
urllib3.exceptions.MaxRetryError: HTTPConnectionPool(host='39.99.136.49', port=9000): Max retries exceeded with url: /sys/auth/login (Caused by NewConnectionError('<urllib3.connection.HTTPConnection object at 0x000002518DD3F070>: Failed to establish a new connection: [WinError 10061] 由于目标计算机积极拒绝，无法连接。'))

During handling of the above exception, another exception occurred:

Traceback (most recent call last):
  File "D:\pycharm_test\lingkuan_730\commons\session.py", line 125, in request
    response = super().request(method, full_url, *args, **kwargs)
  File "D:\pycharm_test\venv\lib\site-packages\requests\sessions.py", line 589, in request
    resp = self.send(prep, **send_kwargs)
  File "D:\pycharm_test\venv\lib\site-packages\requests\sessions.py", line 703, in send
    r = adapter.send(request, **kwargs)
  File "D:\pycharm_test\venv\lib\site-packages\requests\adapters.py", line 700, in send
    raise ConnectionError(e, request=request)
requests.exceptions.ConnectionError: HTTPConnectionPool(host='39.99.136.49', port=9000): Max retries exceeded with url: /sys/auth/login (Caused by NewConnectionError('<urllib3.connection.HTTPConnection object at 0x000002518DD3F070>: Failed to establish a new connection: [WinError 10061] 由于目标计算机积极拒绝，无法连接。'))