INFO     lingkuan_1125.conftest:conftest.py:65 [2025-11-26 09:28:47] 用例 test_vps/test_operation_query.py::TestoperationQuery::TestVPShistoryCommands::test_query_platformTypeMT5 开始登录，环境: uat
INFO     lingkuan_1125.conftest:conftest.py:108 UAT登录尝试 1/5，MFA验证码: 820243
DEBUG    urllib3.connectionpool:connectionpool.py:1051 Starting new HTTPS connection (1): uat.atcp.top:443
DEBUG    urllib3.connectionpool:connectionpool.py:546 https://uat.atcp.top:443 "POST /api/sys/auth/login HTTP/11" 200 None
INFO     root:conftest.py:127 登录响应信息：{"code":0,"msg":"success","data":{"accessTokenExpire":"2025-11-27 09:28:47","refreshTokenExpire":"2025-12-10 09:28:47","access_token":"471956326f3845b290fa3208fd678d93","refresh_token":"743e4dc053154601b27ccd630687da0f"}}
INFO     lingkuan_1125.conftest:conftest.py:137 UAT登录成功（第1次尝试）
INFO     lingkuan_1125.commons.variable_manager:variable_manager.py:121 [2025-11-26 09:25:19] 运行时变量已保存到: D:\pycharm_test\lingkuan_1125\VAR\runtime_vars_vps.json
INFO     lingkuan_1125.commons.variable_manager:variable_manager.py:105 [2025-11-26 09:25:19] 运行时变量已设置: access_token = 471956326f3845b290fa3208fd678d93
ERROR    lingkuan_1125.commons.api_base:api_base.py:181 [2025-11-26 13:31:21] POST 请求异常: ('Connection aborted.', ConnectionAbortedError(10053, '你的主机中的软件中止了一个已建立的连接。', None, 10053, None)) 
URL: /bargain/historyCommands
Traceback (most recent call last):
  File "D:\pycharm_test\Community\lib\site-packages\urllib3\connectionpool.py", line 789, in urlopen
    response = self._make_request(
  File "D:\pycharm_test\Community\lib\site-packages\urllib3\connectionpool.py", line 536, in _make_request
    response = conn.getresponse()
  File "D:\pycharm_test\Community\lib\site-packages\urllib3\connection.py", line 507, in getresponse
    httplib_response = super().getresponse()
  File "D:\python_tools\python\lib\http\client.py", line 1347, in getresponse
    response.begin()
  File "D:\python_tools\python\lib\http\client.py", line 307, in begin
    version, status, reason = self._read_status()
  File "D:\python_tools\python\lib\http\client.py", line 268, in _read_status
    line = str(self.fp.readline(_MAXLINE + 1), "iso-8859-1")
  File "D:\python_tools\python\lib\socket.py", line 669, in readinto
    return self._sock.recv_into(b)
  File "D:\python_tools\python\lib\ssl.py", line 1241, in recv_into
    return self.read(nbytes, buffer)
  File "D:\python_tools\python\lib\ssl.py", line 1099, in read
    return self._sslobj.read(len, buffer)
ConnectionAbortedError: [WinError 10053] 你的主机中的软件中止了一个已建立的连接。

During handling of the above exception, another exception occurred:

Traceback (most recent call last):
  File "D:\pycharm_test\Community\lib\site-packages\requests\adapters.py", line 667, in send
    resp = conn.urlopen(
  File "D:\pycharm_test\Community\lib\site-packages\urllib3\connectionpool.py", line 843, in urlopen
    retries = retries.increment(
  File "D:\pycharm_test\Community\lib\site-packages\urllib3\util\retry.py", line 474, in increment
    raise reraise(type(error), error, _stacktrace)
  File "D:\pycharm_test\Community\lib\site-packages\urllib3\util\util.py", line 38, in reraise
    raise value.with_traceback(tb)
  File "D:\pycharm_test\Community\lib\site-packages\urllib3\connectionpool.py", line 789, in urlopen
    response = self._make_request(
  File "D:\pycharm_test\Community\lib\site-packages\urllib3\connectionpool.py", line 536, in _make_request
    response = conn.getresponse()
  File "D:\pycharm_test\Community\lib\site-packages\urllib3\connection.py", line 507, in getresponse
    httplib_response = super().getresponse()
  File "D:\python_tools\python\lib\http\client.py", line 1347, in getresponse
    response.begin()
  File "D:\python_tools\python\lib\http\client.py", line 307, in begin
    version, status, reason = self._read_status()
  File "D:\python_tools\python\lib\http\client.py", line 268, in _read_status
    line = str(self.fp.readline(_MAXLINE + 1), "iso-8859-1")
  File "D:\python_tools\python\lib\socket.py", line 669, in readinto
    return self._sock.recv_into(b)
  File "D:\python_tools\python\lib\ssl.py", line 1241, in recv_into
    return self.read(nbytes, buffer)
  File "D:\python_tools\python\lib\ssl.py", line 1099, in read
    return self._sslobj.read(len, buffer)
urllib3.exceptions.ProtocolError: ('Connection aborted.', ConnectionAbortedError(10053, '你的主机中的软件中止了一个已建立的连接。', None, 10053, None))

During handling of the above exception, another exception occurred:

Traceback (most recent call last):
  File "D:\pycharm_test\lingkuan_1125\commons\api_base.py", line 151, in send_post_request
    response = logged_session.post(url, json=json_data)
  File "D:\pycharm_test\Community\lib\site-packages\requests\sessions.py", line 637, in post
    return self.request("POST", url, data=data, json=json, **kwargs)
  File "D:\pycharm_test\lingkuan_1125\commons\session.py", line 127, in request
    response = super().request(method, full_url, *args, **kwargs)
  File "D:\pycharm_test\Community\lib\site-packages\requests\sessions.py", line 589, in request
    resp = self.send(prep, **send_kwargs)
  File "D:\pycharm_test\Community\lib\site-packages\requests\sessions.py", line 703, in send
    r = adapter.send(request, **kwargs)
  File "D:\pycharm_test\Community\lib\site-packages\requests\adapters.py", line 682, in send
    raise ConnectionError(err, request=request)
requests.exceptions.ConnectionError: ('Connection aborted.', ConnectionAbortedError(10053, '你的主机中的软件中止了一个已建立的连接。', None, 10053, None))
INFO     lingkuan_1125.conftest:conftest.py:170 [2025-11-26 13:31:22] 用例 test_vps/test_operation_query.py::TestoperationQuery::TestVPShistoryCommands::test_query_platformTypeMT5 执行完毕