DEBUG    template.commons.variable_manager:variable_manager.py:131 [2025-10-16 17:14:17] 从运行时变量获取 | 变量: follow_pass_id | 值: 1978749144485818370
DEBUG    urllib3.connectionpool:connectionpool.py:1051 Starting new HTTPS connection (29): dev.lgcopytrade.top:443
ERROR    template.commons.api_base:api_base.py:254 [2025-10-16 17:14:17] POST 请求异常: HTTPSConnectionPool(host='dev.lgcopytrade.top', port=443): Max retries exceeded with url: /api/blockchain/account/unbindPa?traderId=1978749144485818370 (Caused by ProxyError('Unable to connect to proxy', FileNotFoundError(2, 'No such file or directory'))) | URL: /blockchain/account/unbindPa | URL参数: {'traderId': '1978749144485818370'}
urllib3.exceptions.ProxyError: ('Unable to connect to proxy', FileNotFoundError(2, 'No such file or directory'))

The above exception was the direct cause of the following exception:

Traceback (most recent call last):
  File "D:\pycharm_test\Community\lib\site-packages\requests\adapters.py", line 667, in send
    resp = conn.urlopen(
  File "D:\pycharm_test\Community\lib\site-packages\urllib3\connectionpool.py", line 843, in urlopen
    retries = retries.increment(
  File "D:\pycharm_test\Community\lib\site-packages\urllib3\util\retry.py", line 519, in increment
    raise MaxRetryError(_pool, url, reason) from reason  # type: ignore[arg-type]
urllib3.exceptions.MaxRetryError: HTTPSConnectionPool(host='dev.lgcopytrade.top', port=443): Max retries exceeded with url: /api/blockchain/account/unbindPa?traderId=1978749144485818370 (Caused by ProxyError('Unable to connect to proxy', FileNotFoundError(2, 'No such file or directory')))

During handling of the above exception, another exception occurred:

Traceback (most recent call last):
  File "D:\pycharm_test\template\commons\api_base.py", line 215, in send_post_request
    response = logged_session.post(
  File "D:\pycharm_test\Community\lib\site-packages\requests\sessions.py", line 637, in post
    return self.request("POST", url, data=data, json=json, **kwargs)
  File "D:\pycharm_test\template\commons\session.py", line 135, in request
    response = super().request(method, full_url, *args, **kwargs)
  File "D:\pycharm_test\Community\lib\site-packages\requests\sessions.py", line 589, in request
    resp = self.send(prep, **send_kwargs)
  File "D:\pycharm_test\Community\lib\site-packages\requests\sessions.py", line 703, in send
    r = adapter.send(request, **kwargs)
  File "D:\pycharm_test\Community\lib\site-packages\requests\adapters.py", line 694, in send
    raise ProxyError(e, request=request)
requests.exceptions.ProxyError: HTTPSConnectionPool(host='dev.lgcopytrade.top', port=443): Max retries exceeded with url: /api/blockchain/account/unbindPa?traderId=1978749144485818370 (Caused by ProxyError('Unable to connect to proxy', FileNotFoundError(2, 'No such file or directory')))
DEBUG    template.commons.variable_manager:variable_manager.py:131 [2025-10-16 17:14:27] 从运行时变量获取 | 变量: follow_pass_id | 值: 1978749144485818370
DEBUG    urllib3.connectionpool:connectionpool.py:1051 Starting new HTTPS connection (30): dev.lgcopytrade.top:443
ERROR    template.commons.api_base:api_base.py:254 [2025-10-16 17:14:27] POST 请求异常: HTTPSConnectionPool(host='dev.lgcopytrade.top', port=443): Max retries exceeded with url: /api/blockchain/account/unbindPa?traderId=1978749144485818370 (Caused by ProxyError('Unable to connect to proxy', FileNotFoundError(2, 'No such file or directory'))) | URL: /blockchain/account/unbindPa | URL参数: {'traderId': '1978749144485818370'}
urllib3.exceptions.ProxyError: ('Unable to connect to proxy', FileNotFoundError(2, 'No such file or directory'))

The above exception was the direct cause of the following exception:

Traceback (most recent call last):
  File "D:\pycharm_test\Community\lib\site-packages\requests\adapters.py", line 667, in send
    resp = conn.urlopen(
  File "D:\pycharm_test\Community\lib\site-packages\urllib3\connectionpool.py", line 843, in urlopen
    retries = retries.increment(
  File "D:\pycharm_test\Community\lib\site-packages\urllib3\util\retry.py", line 519, in increment
    raise MaxRetryError(_pool, url, reason) from reason  # type: ignore[arg-type]
urllib3.exceptions.MaxRetryError: HTTPSConnectionPool(host='dev.lgcopytrade.top', port=443): Max retries exceeded with url: /api/blockchain/account/unbindPa?traderId=1978749144485818370 (Caused by ProxyError('Unable to connect to proxy', FileNotFoundError(2, 'No such file or directory')))

During handling of the above exception, another exception occurred:

Traceback (most recent call last):
  File "D:\pycharm_test\template\commons\api_base.py", line 215, in send_post_request
    response = logged_session.post(
  File "D:\pycharm_test\Community\lib\site-packages\requests\sessions.py", line 637, in post
    return self.request("POST", url, data=data, json=json, **kwargs)
  File "D:\pycharm_test\template\commons\session.py", line 135, in request
    response = super().request(method, full_url, *args, **kwargs)
  File "D:\pycharm_test\Community\lib\site-packages\requests\sessions.py", line 589, in request
    resp = self.send(prep, **send_kwargs)
  File "D:\pycharm_test\Community\lib\site-packages\requests\sessions.py", line 703, in send
    r = adapter.send(request, **kwargs)
  File "D:\pycharm_test\Community\lib\site-packages\requests\adapters.py", line 694, in send
    raise ProxyError(e, request=request)
requests.exceptions.ProxyError: HTTPSConnectionPool(host='dev.lgcopytrade.top', port=443): Max retries exceeded with url: /api/blockchain/account/unbindPa?traderId=1978749144485818370 (Caused by ProxyError('Unable to connect to proxy', FileNotFoundError(2, 'No such file or directory')))
DEBUG    template.commons.variable_manager:variable_manager.py:131 [2025-10-16 17:14:37] 从运行时变量获取 | 变量: follow_pass_id | 值: 1978749144485818370
DEBUG    urllib3.connectionpool:connectionpool.py:1051 Starting new HTTPS connection (31): dev.lgcopytrade.top:443
ERROR    template.commons.api_base:api_base.py:254 [2025-10-16 17:14:37] POST 请求异常: HTTPSConnectionPool(host='dev.lgcopytrade.top', port=443): Max retries exceeded with url: /api/blockchain/account/unbindPa?traderId=1978749144485818370 (Caused by ProxyError('Unable to connect to proxy', FileNotFoundError(2, 'No such file or directory'))) | URL: /blockchain/account/unbindPa | URL参数: {'traderId': '1978749144485818370'}
urllib3.exceptions.ProxyError: ('Unable to connect to proxy', FileNotFoundError(2, 'No such file or directory'))

The above exception was the direct cause of the following exception:

Traceback (most recent call last):
  File "D:\pycharm_test\Community\lib\site-packages\requests\adapters.py", line 667, in send
    resp = conn.urlopen(
  File "D:\pycharm_test\Community\lib\site-packages\urllib3\connectionpool.py", line 843, in urlopen
    retries = retries.increment(
  File "D:\pycharm_test\Community\lib\site-packages\urllib3\util\retry.py", line 519, in increment
    raise MaxRetryError(_pool, url, reason) from reason  # type: ignore[arg-type]
urllib3.exceptions.MaxRetryError: HTTPSConnectionPool(host='dev.lgcopytrade.top', port=443): Max retries exceeded with url: /api/blockchain/account/unbindPa?traderId=1978749144485818370 (Caused by ProxyError('Unable to connect to proxy', FileNotFoundError(2, 'No such file or directory')))

During handling of the above exception, another exception occurred:

Traceback (most recent call last):
  File "D:\pycharm_test\template\commons\api_base.py", line 215, in send_post_request
    response = logged_session.post(
  File "D:\pycharm_test\Community\lib\site-packages\requests\sessions.py", line 637, in post
    return self.request("POST", url, data=data, json=json, **kwargs)
  File "D:\pycharm_test\template\commons\session.py", line 135, in request
    response = super().request(method, full_url, *args, **kwargs)
  File "D:\pycharm_test\Community\lib\site-packages\requests\sessions.py", line 589, in request
    resp = self.send(prep, **send_kwargs)
  File "D:\pycharm_test\Community\lib\site-packages\requests\sessions.py", line 703, in send
    r = adapter.send(request, **kwargs)
  File "D:\pycharm_test\Community\lib\site-packages\requests\adapters.py", line 694, in send
    raise ProxyError(e, request=request)
requests.exceptions.ProxyError: HTTPSConnectionPool(host='dev.lgcopytrade.top', port=443): Max retries exceeded with url: /api/blockchain/account/unbindPa?traderId=1978749144485818370 (Caused by ProxyError('Unable to connect to proxy', FileNotFoundError(2, 'No such file or directory')))